#
# A fatal error has been detected by the Java Runtime Environment:
#
#  EXCEPTION_ACCESS_VIOLATION (0xc0000005) at pc=0x00007ffcef2ae797, pid=21388, tid=23232
#
# JRE version: Java(TM) SE Runtime Environment (13.0.2+8) (build 13.0.2+8)
# Java VM: Java HotSpot(TM) 64-Bit Server VM (13.0.2+8, mixed mode, sharing, tiered, compressed oops, g1 gc, windows-amd64)
# Problematic frame:
# C  [ig9icd64.dll+0x6e797]
#
# No core dump will be written. Minidumps are not enabled by default on client versions of Windows
#
# If you would like to submit a bug report, please visit:
#   http://bugreport.java.com/bugreport/crash.jsp
# The crash happened outside the Java Virtual Machine in native code.
# See problematic frame for where to report the bug.
#

---------------  S U M M A R Y ------------

Command Line: -javaagent:C:\Program Files\JetBrains\IntelliJ IDEA Community Edition 2020.2.1\lib\idea_rt.jar=50723:C:\Program Files\JetBrains\IntelliJ IDEA Community Edition 2020.2.1\bin -Dfile.encoding=UTF-8 Triangle

Host: Intel(R) Core(TM) i5-7200U CPU @ 2.50GHz, 4 cores, 11G,  Windows 10 , 64 bit Build 19041 (10.0.19041.546)
Time: Sat Jun 19 01:24:56 2021 RTZ 4 (зима) elapsed time: 1 seconds (0d 0h 0m 1s)

---------------  T H R E A D  ---------------

Current thread (0x000001a50584c000):  JavaThread "main" [_thread_in_native, id=23232, stack(0x0000003fd2a00000,0x0000003fd2b00000)]

Stack: [0x0000003fd2a00000,0x0000003fd2b00000],  sp=0x0000003fd2afe390,  free space=1016k
Native frames: (J=compiled Java code, j=interpreted, Vv=VM code, C=native code)
C  [ig9icd64.dll+0x6e797]

Java frames: (J=compiled Java code, j=interpreted, Vv=VM code)
j  org.lwjgl.system.JNI.callPV(IIIIIIII[IJ)V+0
j  org.lwjgl.opengl.GL11C.glTexImage2D(IIIIIIII[I)V+36
j  org.lwjgl.opengl.GL11.glTexImage2D(IIIIIIII[I)V+14
j  Triangle.main([Ljava/lang/String;)V+495
v  ~StubRoutines::call_stub

siginfo: EXCEPTION_ACCESS_VIOLATION (0xc0000005), reading address 0x000001a52e104000


Register to memory mapping:

RIP=0x00007ffcef2ae797 ig9icd64.dll
RAX=0x0000000000000d6a is an unknown value
RBX=0x000001a528c40000 points into unknown readable memory: e1 ff d8 ff 78 45 7c 1e
RCX=0x0 is NULL
RDX=0x000001a52e103ff0 points into unknown readable memory: d8 3e fe 2d a5 01 00 00
RSP=0x0000003fd2afe390 is pointing into the stack for thread: 0x000001a50584c000
RBP=0x0000003fd2afe4c0 is pointing into the stack for thread: 0x000001a50584c000
RSI=0x0000003fd2afe5b0 is pointing into the stack for thread: 0x000001a50584c000
RDI=0x000001a528cab500 points into unknown readable memory: 00 00 00 00 00 00 00 00
R8 =0x00000000000c0000 is an unknown value
R9 =0x0000000000001800 is an unknown value
R10=0x0000000000000d6b is an unknown value
R11=0x000001a528356d84 points into unknown readable memory: 00 00 00 00
R12=0x00007ffcef240000 ig9icd64.dll
R13=0x00000000000001c1 is an unknown value
R14=0x0 is NULL
R15=0x0000000000000001 is an unknown value


Registers:
RAX=0x0000000000000d6a, RBX=0x000001a528c40000, RCX=0x0000000000000000, RDX=0x000001a52e103ff0
RSP=0x0000003fd2afe390, RBP=0x0000003fd2afe4c0, RSI=0x0000003fd2afe5b0, RDI=0x000001a528cab500
R8 =0x00000000000c0000, R9 =0x0000000000001800, R10=0x0000000000000d6b, R11=0x000001a528356d84
R12=0x00007ffcef240000, R13=0x00000000000001c1, R14=0x0000000000000000, R15=0x0000000000000001
RIP=0x00007ffcef2ae797, EFLAGS=0x0000000000010203

Top of Stack: (sp=0x0000003fd2afe390)
0x0000003fd2afe390:   0000000000000000 0000000000000000
0x0000003fd2afe3a0:   0000000000000000 0000000000000000
0x0000003fd2afe3b0:   000001a52e098af0 00007ffcefb8ed5c
0x0000003fd2afe3c0:   0000000000000000 0000003fd2afe4c0
0x0000003fd2afe3d0:   0000003fd2afe5b0 0000000000000000
0x0000003fd2afe3e0:   000000000000002a 00007ffc00000001
0x0000003fd2afe3f0:   000001a52e098af0 0000000000000000
0x0000003fd2afe400:   0000000000000001 00007ffcef78d54c
0x0000003fd2afe410:   00007ffcefe8c650 000001a52833df80
0x0000003fd2afe420:   0000020000000200 0000002a00000000
0x0000003fd2afe430:   0000060000000003 000001a52e098af0
0x0000003fd2afe440:   00000003284b002a 0000000000000600
0x0000003fd2afe450:   000001a528c40000 0000000000000000
0x0000003fd2afe460:   0000000000000200 0000000000000200
0x0000003fd2afe470:   000001a5285a0730 000001a5285a0710
0x0000003fd2afe480:   0000000000000000 0000000000000000 

Instructions: (pc=0x00007ffcef2ae797)
0x00007ffcef2ae697:   c0 66 0f 70 c0 00 66 0f 64 c8 f3 0f 6f 02 49 03
0x00007ffcef2ae6a7:   d1 66 0f f7 c1 49 03 f9 41 8b c1 44 8b d1 4c 2b
0x00007ffcef2ae6b7:   c0 0f 29 74 24 10 4d 8b c8 0f 29 3c 24 49 c1 e9
0x00007ffcef2ae6c7:   07 f6 c2 0f 0f 84 af 00 00 00 4d 85 c9 74 6b 66
0x00007ffcef2ae6d7:   66 0f 1f 84 00 00 00 00 00 f3 0f 6f 02 41 ff c2
0x00007ffcef2ae6e7:   f3 0f 6f 4a 10 41 8b c2 f3 0f 6f 52 20 f3 0f 6f
0x00007ffcef2ae6f7:   5a 30 f3 0f 6f 62 40 f3 0f 6f 6a 50 f3 0f 6f 72
0x00007ffcef2ae707:   60 f3 0f 6f 7a 70 66 0f e7 07 66 0f e7 4f 10 66
0x00007ffcef2ae717:   0f e7 57 20 66 0f e7 5f 30 66 0f e7 67 40 66 0f
0x00007ffcef2ae727:   e7 6f 50 66 0f e7 77 60 66 0f e7 7f 70 48 83 ef
0x00007ffcef2ae737:   80 48 83 ea 80 49 3b c1 72 9f 41 83 e0 7f 0f 84
0x00007ffcef2ae747:   e0 00 00 00 45 8b d0 44 8b c9 49 c1 ea 04 4d 85
0x00007ffcef2ae757:   d2 0f 84 cd 00 00 00 66 90 f3 0f 6f 02 41 ff c1
0x00007ffcef2ae767:   48 83 c2 10 41 8b c1 66 0f e7 07 48 83 c7 10 49
0x00007ffcef2ae777:   3b c2 72 e5 e9 ab 00 00 00 4d 85 c9 74 6c 66 66
0x00007ffcef2ae787:   66 0f 1f 84 00 00 00 00 00 f3 0f 6f 02 41 ff c2
0x00007ffcef2ae797:   f3 0f 6f 4a 10 f3 0f 6f 52 20 f3 0f 6f 5a 30 f3
0x00007ffcef2ae7a7:   0f 6f 62 40 f3 0f 6f 6a 50 f3 0f 6f 72 60 f3 0f
0x00007ffcef2ae7b7:   6f 7a 70 48 83 ea 80 66 0f e7 07 66 0f e7 4f 10
0x00007ffcef2ae7c7:   66 0f e7 57 20 66 0f e7 5f 30 66 0f e7 67 40 66
0x00007ffcef2ae7d7:   0f e7 6f 50 66 0f e7 77 60 66 0f e7 7f 70 48 83
0x00007ffcef2ae7e7:   ef 80 41 8b c2 49 3b c1 72 9f 41 83 e0 7f 74 34
0x00007ffcef2ae7f7:   45 8b d0 44 8b c9 49 c1 ea 04 4d 85 d2 74 25 66
0x00007ffcef2ae807:   66 0f 1f 84 00 00 00 00 00 f3 0f 6f 02 41 ff c1
0x00007ffcef2ae817:   66 0f e7 07 48 83 c7 10 41 8b c1 48 83 c2 10 49
0x00007ffcef2ae827:   3b c2 72 e5 0f 28 74 24 10 0f 28 3c 24 41 83 e0
0x00007ffcef2ae837:   0f 74 49 45 8b d0 44 8b c9 49 c1 ea 02 4d 85 d2
0x00007ffcef2ae847:   74 1e 0f 1f 80 00 00 00 00 8b 02 41 ff c1 89 07
0x00007ffcef2ae857:   48 83 c2 04 48 83 c7 04 41 8b c1 49 3b c2 72 e9
0x00007ffcef2ae867:   41 83 e0 03 76 16 48 2b d7 0f b6 04 3a ff c1 88
0x00007ffcef2ae877:   07 48 8d 7f 01 8b c1 49 3b c0 72 ed 48 83 c4 20
0x00007ffcef2ae887:   5f c3 cc cc cc cc cc cc cc 40 53 48 83 ec 20 48 


Stack slot to memory mapping:
stack at sp + 0 slots: 0x0 is NULL
stack at sp + 1 slots: 0x0 is NULL
stack at sp + 2 slots: 0x0 is NULL
stack at sp + 3 slots: 0x0 is NULL
stack at sp + 4 slots: 0x000001a52e098af0 points into unknown readable memory: e1 ff d8 ff 78 45 7c 1e
stack at sp + 5 slots: 0x00007ffcefb8ed5c ig9icd64.dll
stack at sp + 6 slots: 0x0 is NULL
stack at sp + 7 slots: 0x0000003fd2afe4c0 is pointing into the stack for thread: 0x000001a50584c000


---------------  P R O C E S S  ---------------

Threads class SMR info:
_java_thread_list=0x000001a528766900, length=13, elements={
0x000001a50584c000, 0x000001a5264a2800, 0x000001a5264a6800, 0x000001a526dd5000,
0x000001a526dd6000, 0x000001a526dd7000, 0x000001a526e2a800, 0x000001a526e51800,
0x000001a526484000, 0x000001a526f43000, 0x000001a527075800, 0x000001a528605000,
0x000001a528603800
}

Java Threads: ( => current thread )
=>0x000001a50584c000 JavaThread "main" [_thread_in_native, id=23232, stack(0x0000003fd2a00000,0x0000003fd2b00000)]
  0x000001a5264a2800 JavaThread "Reference Handler" daemon [_thread_blocked, id=1848, stack(0x0000003fd3100000,0x0000003fd3200000)]
  0x000001a5264a6800 JavaThread "Finalizer" daemon [_thread_blocked, id=13500, stack(0x0000003fd3200000,0x0000003fd3300000)]
  0x000001a526dd5000 JavaThread "Signal Dispatcher" daemon [_thread_blocked, id=23416, stack(0x0000003fd3300000,0x0000003fd3400000)]
  0x000001a526dd6000 JavaThread "Attach Listener" daemon [_thread_blocked, id=22860, stack(0x0000003fd3400000,0x0000003fd3500000)]
  0x000001a526dd7000 JavaThread "C2 CompilerThread0" daemon [_thread_blocked, id=20820, stack(0x0000003fd3500000,0x0000003fd3600000)]
  0x000001a526e2a800 JavaThread "C1 CompilerThread0" daemon [_thread_blocked, id=16784, stack(0x0000003fd3600000,0x0000003fd3700000)]
  0x000001a526e51800 JavaThread "Sweeper thread" daemon [_thread_blocked, id=9320, stack(0x0000003fd3700000,0x0000003fd3800000)]
  0x000001a526484000 JavaThread "Common-Cleaner" daemon [_thread_blocked, id=6628, stack(0x0000003fd3800000,0x0000003fd3900000)]
  0x000001a526f43000 JavaThread "Monitor Ctrl-Break" daemon [_thread_in_native, id=4120, stack(0x0000003fd3900000,0x0000003fd3a00000)]
  0x000001a527075800 JavaThread "Service Thread" daemon [_thread_blocked, id=20352, stack(0x0000003fd3a00000,0x0000003fd3b00000)]
  0x000001a528605000 JavaThread "C2 CompilerThread1" daemon [_thread_blocked, id=11708, stack(0x0000003fd4400000,0x0000003fd4500000)]
  0x000001a528603800 JavaThread "Java2D Disposer" daemon [_thread_blocked, id=17584, stack(0x0000003fd4800000,0x0000003fd4900000)]

Other Threads:
  0x000001a52649b800 VMThread "VM Thread" [stack: 0x0000003fd3000000,0x0000003fd3100000] [id=17744]
  0x000001a527079800 WatcherThread [stack: 0x0000003fd3b00000,0x0000003fd3c00000] [id=17848]
  0x000001a5058a4800 GCTaskThread "GC Thread#0" [stack: 0x0000003fd2b00000,0x0000003fd2c00000] [id=11016]
  0x000001a52dc74000 GCTaskThread "GC Thread#1" [stack: 0x0000003fd4500000,0x0000003fd4600000] [id=24792]
  0x000001a52dc75000 GCTaskThread "GC Thread#2" [stack: 0x0000003fd4600000,0x0000003fd4700000] [id=12784]
  0x000001a52dc75800 GCTaskThread "GC Thread#3" [stack: 0x0000003fd4700000,0x0000003fd4800000] [id=16448]
  0x000001a5058bf000 ConcurrentGCThread "G1 Main Marker" [stack: 0x0000003fd2c00000,0x0000003fd2d00000] [id=15616]
  0x000001a5058c0000 ConcurrentGCThread "G1 Conc#0" [stack: 0x0000003fd2d00000,0x0000003fd2e00000] [id=21724]
  0x000001a526318800 ConcurrentGCThread "G1 Refine#0" [stack: 0x0000003fd2e00000,0x0000003fd2f00000] [id=14620]
  0x000001a52631a800 ConcurrentGCThread "G1 Young RemSet Sampling" [stack: 0x0000003fd2f00000,0x0000003fd3000000] [id=21000]

Threads with active compile tasks:

VM state:not at safepoint (normal execution)

VM Mutex/Monitor currently owned by a thread: None

Heap address: 0x0000000741c00000, size: 3044 MB, Compressed Oops mode: Zero based, Oop shift amount: 3
Narrow klass base: 0x0000000800000000, Narrow klass shift: 3
Compressed class space size: 1073741824 Address: 0x0000000800b40000

Heap:
 garbage-first heap   total 196608K, used 8484K [0x0000000741c00000, 0x0000000800000000)
  region size 1024K, 6 young (6144K), 2 survivors (2048K)
 Metaspace       used 6790K, capacity 8206K, committed 8320K, reserved 1056768K
  class space    used 449K, capacity 619K, committed 640K, reserved 1048576K
Heap Regions: E=young(eden), S=young(survivor), O=old, HS=humongous(starts), HC=humongous(continues), CS=collection set, F=free, A=archive, TAMS=top-at-mark-start (previous, next)
|   0|0x0000000741c00000, 0x0000000741d00000, 0x0000000741d00000|100%|HS|  |TAMS 0x0000000741c00000, 0x0000000741c00000| Complete 
|   1|0x0000000741d00000, 0x0000000741e00000, 0x0000000741e00000|100%|HC|  |TAMS 0x0000000741d00000, 0x0000000741d00000| Complete 
|   2|0x0000000741e00000, 0x0000000741e49000, 0x0000000741f00000| 28%| O|  |TAMS 0x0000000741e00000, 0x0000000741e00000| Untracked 
|   3|0x0000000741f00000, 0x0000000742000000, 0x0000000742000000|100%|HS|  |TAMS 0x0000000741f00000, 0x0000000741f00000| Complete 
|   4|0x0000000742000000, 0x0000000742000000, 0x0000000742100000|  0%| F|  |TAMS 0x0000000742000000, 0x0000000742000000| Untracked 
|   5|0x0000000742100000, 0x0000000742100000, 0x0000000742200000|  0%| F|  |TAMS 0x0000000742100000, 0x0000000742100000| Untracked 
|   6|0x0000000742200000, 0x0000000742200000, 0x0000000742300000|  0%| F|  |TAMS 0x0000000742200000, 0x0000000742200000| Untracked 
|   7|0x0000000742300000, 0x0000000742300000, 0x0000000742400000|  0%| F|  |TAMS 0x0000000742300000, 0x0000000742300000| Untracked 
|   8|0x0000000742400000, 0x0000000742400000, 0x0000000742500000|  0%| F|  |TAMS 0x0000000742400000, 0x0000000742400000| Untracked 
|   9|0x0000000742500000, 0x0000000742500000, 0x0000000742600000|  0%| F|  |TAMS 0x0000000742500000, 0x0000000742500000| Untracked 
|  10|0x0000000742600000, 0x0000000742600000, 0x0000000742700000|  0%| F|  |TAMS 0x0000000742600000, 0x0000000742600000| Untracked 
|  11|0x0000000742700000, 0x0000000742700000, 0x0000000742800000|  0%| F|  |TAMS 0x0000000742700000, 0x0000000742700000| Untracked 
|  12|0x0000000742800000, 0x0000000742800000, 0x0000000742900000|  0%| F|  |TAMS 0x0000000742800000, 0x0000000742800000| Untracked 
|  13|0x0000000742900000, 0x0000000742900000, 0x0000000742a00000|  0%| F|  |TAMS 0x0000000742900000, 0x0000000742900000| Untracked 
|  14|0x0000000742a00000, 0x0000000742a00000, 0x0000000742b00000|  0%| F|  |TAMS 0x0000000742a00000, 0x0000000742a00000| Untracked 
|  15|0x0000000742b00000, 0x0000000742b00000, 0x0000000742c00000|  0%| F|  |TAMS 0x0000000742b00000, 0x0000000742b00000| Untracked 
|  16|0x0000000742c00000, 0x0000000742c00000, 0x0000000742d00000|  0%| F|  |TAMS 0x0000000742c00000, 0x0000000742c00000| Untracked 
|  17|0x0000000742d00000, 0x0000000742d00000, 0x0000000742e00000|  0%| F|  |TAMS 0x0000000742d00000, 0x0000000742d00000| Untracked 
|  18|0x0000000742e00000, 0x0000000742e00000, 0x0000000742f00000|  0%| F|  |TAMS 0x0000000742e00000, 0x0000000742e00000| Untracked 
|  19|0x0000000742f00000, 0x0000000742f00000, 0x0000000743000000|  0%| F|  |TAMS 0x0000000742f00000, 0x0000000742f00000| Untracked 
|  20|0x0000000743000000, 0x0000000743000000, 0x0000000743100000|  0%| F|  |TAMS 0x0000000743000000, 0x0000000743000000| Untracked 
|  21|0x0000000743100000, 0x0000000743100000, 0x0000000743200000|  0%| F|  |TAMS 0x0000000743100000, 0x0000000743100000| Untracked 
|  22|0x0000000743200000, 0x0000000743200000, 0x0000000743300000|  0%| F|  |TAMS 0x0000000743200000, 0x0000000743200000| Untracked 
|  23|0x0000000743300000, 0x0000000743300000, 0x0000000743400000|  0%| F|  |TAMS 0x0000000743300000, 0x0000000743300000| Untracked 
|  24|0x0000000743400000, 0x0000000743400000, 0x0000000743500000|  0%| F|  |TAMS 0x0000000743400000, 0x0000000743400000| Untracked 
|  25|0x0000000743500000, 0x0000000743500000, 0x0000000743600000|  0%| F|  |TAMS 0x0000000743500000, 0x0000000743500000| Untracked 
|  26|0x0000000743600000, 0x0000000743600000, 0x0000000743700000|  0%| F|  |TAMS 0x0000000743600000, 0x0000000743600000| Untracked 
|  27|0x0000000743700000, 0x0000000743700000, 0x0000000743800000|  0%| F|  |TAMS 0x0000000743700000, 0x0000000743700000| Untracked 
|  28|0x0000000743800000, 0x0000000743800000, 0x0000000743900000|  0%| F|  |TAMS 0x0000000743800000, 0x0000000743800000| Untracked 
|  29|0x0000000743900000, 0x0000000743900000, 0x0000000743a00000|  0%| F|  |TAMS 0x0000000743900000, 0x0000000743900000| Untracked 
|  30|0x0000000743a00000, 0x0000000743a00000, 0x0000000743b00000|  0%| F|  |TAMS 0x0000000743a00000, 0x0000000743a00000| Untracked 
|  31|0x0000000743b00000, 0x0000000743b00000, 0x0000000743c00000|  0%| F|  |TAMS 0x0000000743b00000, 0x0000000743b00000| Untracked 
|  32|0x0000000743c00000, 0x0000000743c00000, 0x0000000743d00000|  0%| F|  |TAMS 0x0000000743c00000, 0x0000000743c00000| Untracked 
|  33|0x0000000743d00000, 0x0000000743d00000, 0x0000000743e00000|  0%| F|  |TAMS 0x0000000743d00000, 0x0000000743d00000| Untracked 
|  34|0x0000000743e00000, 0x0000000743e00000, 0x0000000743f00000|  0%| F|  |TAMS 0x0000000743e00000, 0x0000000743e00000| Untracked 
|  35|0x0000000743f00000, 0x0000000743f00000, 0x0000000744000000|  0%| F|  |TAMS 0x0000000743f00000, 0x0000000743f00000| Untracked 
|  36|0x0000000744000000, 0x0000000744000000, 0x0000000744100000|  0%| F|  |TAMS 0x0000000744000000, 0x0000000744000000| Untracked 
|  37|0x0000000744100000, 0x0000000744100000, 0x0000000744200000|  0%| F|  |TAMS 0x0000000744100000, 0x0000000744100000| Untracked 
|  38|0x0000000744200000, 0x0000000744200000, 0x0000000744300000|  0%| F|  |TAMS 0x0000000744200000, 0x0000000744200000| Untracked 
|  39|0x0000000744300000, 0x0000000744300000, 0x0000000744400000|  0%| F|  |TAMS 0x0000000744300000, 0x0000000744300000| Untracked 
|  40|0x0000000744400000, 0x0000000744400000, 0x0000000744500000|  0%| F|  |TAMS 0x0000000744400000, 0x0000000744400000| Untracked 
|  41|0x0000000744500000, 0x0000000744500000, 0x0000000744600000|  0%| F|  |TAMS 0x0000000744500000, 0x0000000744500000| Untracked 
|  42|0x0000000744600000, 0x0000000744600000, 0x0000000744700000|  0%| F|  |TAMS 0x0000000744600000, 0x0000000744600000| Untracked 
|  43|0x0000000744700000, 0x0000000744700000, 0x0000000744800000|  0%| F|  |TAMS 0x0000000744700000, 0x0000000744700000| Untracked 
|  44|0x0000000744800000, 0x0000000744800000, 0x0000000744900000|  0%| F|  |TAMS 0x0000000744800000, 0x0000000744800000| Untracked 
|  45|0x0000000744900000, 0x0000000744900000, 0x0000000744a00000|  0%| F|  |TAMS 0x0000000744900000, 0x0000000744900000| Untracked 
|  46|0x0000000744a00000, 0x0000000744a00000, 0x0000000744b00000|  0%| F|  |TAMS 0x0000000744a00000, 0x0000000744a00000| Untracked 
|  47|0x0000000744b00000, 0x0000000744b00000, 0x0000000744c00000|  0%| F|  |TAMS 0x0000000744b00000, 0x0000000744b00000| Untracked 
|  48|0x0000000744c00000, 0x0000000744c00000, 0x0000000744d00000|  0%| F|  |TAMS 0x0000000744c00000, 0x0000000744c00000| Untracked 
|  49|0x0000000744d00000, 0x0000000744d00000, 0x0000000744e00000|  0%| F|  |TAMS 0x0000000744d00000, 0x0000000744d00000| Untracked 
|  50|0x0000000744e00000, 0x0000000744e00000, 0x0000000744f00000|  0%| F|  |TAMS 0x0000000744e00000, 0x0000000744e00000| Untracked 
|  51|0x0000000744f00000, 0x0000000744f00000, 0x0000000745000000|  0%| F|  |TAMS 0x0000000744f00000, 0x0000000744f00000| Untracked 
|  52|0x0000000745000000, 0x0000000745000000, 0x0000000745100000|  0%| F|  |TAMS 0x0000000745000000, 0x0000000745000000| Untracked 
|  53|0x0000000745100000, 0x0000000745100000, 0x0000000745200000|  0%| F|  |TAMS 0x0000000745100000, 0x0000000745100000| Untracked 
|  54|0x0000000745200000, 0x0000000745200000, 0x0000000745300000|  0%| F|  |TAMS 0x0000000745200000, 0x0000000745200000| Untracked 
|  55|0x0000000745300000, 0x0000000745300000, 0x0000000745400000|  0%| F|  |TAMS 0x0000000745300000, 0x0000000745300000| Untracked 
|  56|0x0000000745400000, 0x0000000745400000, 0x0000000745500000|  0%| F|  |TAMS 0x0000000745400000, 0x0000000745400000| Untracked 
|  57|0x0000000745500000, 0x0000000745500000, 0x0000000745600000|  0%| F|  |TAMS 0x0000000745500000, 0x0000000745500000| Untracked 
|  58|0x0000000745600000, 0x0000000745600000, 0x0000000745700000|  0%| F|  |TAMS 0x0000000745600000, 0x0000000745600000| Untracked 
|  59|0x0000000745700000, 0x0000000745700000, 0x0000000745800000|  0%| F|  |TAMS 0x0000000745700000, 0x0000000745700000| Untracked 
|  60|0x0000000745800000, 0x0000000745800000, 0x0000000745900000|  0%| F|  |TAMS 0x0000000745800000, 0x0000000745800000| Untracked 
|  61|0x0000000745900000, 0x0000000745900000, 0x0000000745a00000|  0%| F|  |TAMS 0x0000000745900000, 0x0000000745900000| Untracked 
|  62|0x0000000745a00000, 0x0000000745a00000, 0x0000000745b00000|  0%| F|  |TAMS 0x0000000745a00000, 0x0000000745a00000| Untracked 
|  63|0x0000000745b00000, 0x0000000745b00000, 0x0000000745c00000|  0%| F|  |TAMS 0x0000000745b00000, 0x0000000745b00000| Untracked 
|  64|0x0000000745c00000, 0x0000000745c00000, 0x0000000745d00000|  0%| F|  |TAMS 0x0000000745c00000, 0x0000000745c00000| Untracked 
|  65|0x0000000745d00000, 0x0000000745d00000, 0x0000000745e00000|  0%| F|  |TAMS 0x0000000745d00000, 0x0000000745d00000| Untracked 
|  66|0x0000000745e00000, 0x0000000745e00000, 0x0000000745f00000|  0%| F|  |TAMS 0x0000000745e00000, 0x0000000745e00000| Untracked 
|  67|0x0000000745f00000, 0x0000000745f00000, 0x0000000746000000|  0%| F|  |TAMS 0x0000000745f00000, 0x0000000745f00000| Untracked 
|  68|0x0000000746000000, 0x0000000746000000, 0x0000000746100000|  0%| F|  |TAMS 0x0000000746000000, 0x0000000746000000| Untracked 
|  69|0x0000000746100000, 0x0000000746100000, 0x0000000746200000|  0%| F|  |TAMS 0x0000000746100000, 0x0000000746100000| Untracked 
|  70|0x0000000746200000, 0x0000000746200000, 0x0000000746300000|  0%| F|  |TAMS 0x0000000746200000, 0x0000000746200000| Untracked 
|  71|0x0000000746300000, 0x0000000746300000, 0x0000000746400000|  0%| F|  |TAMS 0x0000000746300000, 0x0000000746300000| Untracked 
|  72|0x0000000746400000, 0x0000000746400000, 0x0000000746500000|  0%| F|  |TAMS 0x0000000746400000, 0x0000000746400000| Untracked 
|  73|0x0000000746500000, 0x0000000746500000, 0x0000000746600000|  0%| F|  |TAMS 0x0000000746500000, 0x0000000746500000| Untracked 
|  74|0x0000000746600000, 0x0000000746600000, 0x0000000746700000|  0%| F|  |TAMS 0x0000000746600000, 0x0000000746600000| Untracked 
|  75|0x0000000746700000, 0x0000000746700000, 0x0000000746800000|  0%| F|  |TAMS 0x0000000746700000, 0x0000000746700000| Untracked 
|  76|0x0000000746800000, 0x0000000746800000, 0x0000000746900000|  0%| F|  |TAMS 0x0000000746800000, 0x0000000746800000| Untracked 
|  77|0x0000000746900000, 0x0000000746900000, 0x0000000746a00000|  0%| F|  |TAMS 0x0000000746900000, 0x0000000746900000| Untracked 
|  78|0x0000000746a00000, 0x0000000746a00000, 0x0000000746b00000|  0%| F|  |TAMS 0x0000000746a00000, 0x0000000746a00000| Untracked 
|  79|0x0000000746b00000, 0x0000000746b00000, 0x0000000746c00000|  0%| F|  |TAMS 0x0000000746b00000, 0x0000000746b00000| Untracked 
|  80|0x0000000746c00000, 0x0000000746c00000, 0x0000000746d00000|  0%| F|  |TAMS 0x0000000746c00000, 0x0000000746c00000| Untracked 
|  81|0x0000000746d00000, 0x0000000746d00000, 0x0000000746e00000|  0%| F|  |TAMS 0x0000000746d00000, 0x0000000746d00000| Untracked 
|  82|0x0000000746e00000, 0x0000000746e00000, 0x0000000746f00000|  0%| F|  |TAMS 0x0000000746e00000, 0x0000000746e00000| Untracked 
|  83|0x0000000746f00000, 0x0000000746f00000, 0x0000000747000000|  0%| F|  |TAMS 0x0000000746f00000, 0x0000000746f00000| Untracked 
|  84|0x0000000747000000, 0x0000000747000000, 0x0000000747100000|  0%| F|  |TAMS 0x0000000747000000, 0x0000000747000000| Untracked 
|  85|0x0000000747100000, 0x0000000747100000, 0x0000000747200000|  0%| F|  |TAMS 0x0000000747100000, 0x0000000747100000| Untracked 
|  86|0x0000000747200000, 0x0000000747200000, 0x0000000747300000|  0%| F|  |TAMS 0x0000000747200000, 0x0000000747200000| Untracked 
|  87|0x0000000747300000, 0x0000000747300000, 0x0000000747400000|  0%| F|  |TAMS 0x0000000747300000, 0x0000000747300000| Untracked 
|  88|0x0000000747400000, 0x0000000747400000, 0x0000000747500000|  0%| F|  |TAMS 0x0000000747400000, 0x0000000747400000| Untracked 
|  89|0x0000000747500000, 0x0000000747500000, 0x0000000747600000|  0%| F|  |TAMS 0x0000000747500000, 0x0000000747500000| Untracked 
|  90|0x0000000747600000, 0x0000000747600000, 0x0000000747700000|  0%| F|  |TAMS 0x0000000747600000, 0x0000000747600000| Untracked 
|  91|0x0000000747700000, 0x0000000747700000, 0x0000000747800000|  0%| F|  |TAMS 0x0000000747700000, 0x0000000747700000| Untracked 
|  92|0x0000000747800000, 0x0000000747800000, 0x0000000747900000|  0%| F|  |TAMS 0x0000000747800000, 0x0000000747800000| Untracked 
|  93|0x0000000747900000, 0x0000000747900000, 0x0000000747a00000|  0%| F|  |TAMS 0x0000000747900000, 0x0000000747900000| Untracked 
|  94|0x0000000747a00000, 0x0000000747a00000, 0x0000000747b00000|  0%| F|  |TAMS 0x0000000747a00000, 0x0000000747a00000| Untracked 
|  95|0x0000000747b00000, 0x0000000747b00000, 0x0000000747c00000|  0%| F|  |TAMS 0x0000000747b00000, 0x0000000747b00000| Untracked 
|  96|0x0000000747c00000, 0x0000000747c00000, 0x0000000747d00000|  0%| F|  |TAMS 0x0000000747c00000, 0x0000000747c00000| Untracked 
|  97|0x0000000747d00000, 0x0000000747d00000, 0x0000000747e00000|  0%| F|  |TAMS 0x0000000747d00000, 0x0000000747d00000| Untracked 
|  98|0x0000000747e00000, 0x0000000747e00000, 0x0000000747f00000|  0%| F|  |TAMS 0x0000000747e00000, 0x0000000747e00000| Untracked 
|  99|0x0000000747f00000, 0x0000000747f00000, 0x0000000748000000|  0%| F|  |TAMS 0x0000000747f00000, 0x0000000747f00000| Untracked 
| 100|0x0000000748000000, 0x0000000748000000, 0x0000000748100000|  0%| F|  |TAMS 0x0000000748000000, 0x0000000748000000| Untracked 
| 101|0x0000000748100000, 0x0000000748100000, 0x0000000748200000|  0%| F|  |TAMS 0x0000000748100000, 0x0000000748100000| Untracked 
| 102|0x0000000748200000, 0x0000000748200000, 0x0000000748300000|  0%| F|  |TAMS 0x0000000748200000, 0x0000000748200000| Untracked 
| 103|0x0000000748300000, 0x0000000748300000, 0x0000000748400000|  0%| F|  |TAMS 0x0000000748300000, 0x0000000748300000| Untracked 
| 104|0x0000000748400000, 0x0000000748400000, 0x0000000748500000|  0%| F|  |TAMS 0x0000000748400000, 0x0000000748400000| Untracked 
| 105|0x0000000748500000, 0x0000000748500000, 0x0000000748600000|  0%| F|  |TAMS 0x0000000748500000, 0x0000000748500000| Untracked 
| 106|0x0000000748600000, 0x0000000748600000, 0x0000000748700000|  0%| F|  |TAMS 0x0000000748600000, 0x0000000748600000| Untracked 
| 107|0x0000000748700000, 0x0000000748700000, 0x0000000748800000|  0%| F|  |TAMS 0x0000000748700000, 0x0000000748700000| Untracked 
| 108|0x0000000748800000, 0x0000000748800000, 0x0000000748900000|  0%| F|  |TAMS 0x0000000748800000, 0x0000000748800000| Untracked 
| 109|0x0000000748900000, 0x0000000748900000, 0x0000000748a00000|  0%| F|  |TAMS 0x0000000748900000, 0x0000000748900000| Untracked 
| 110|0x0000000748a00000, 0x0000000748a00000, 0x0000000748b00000|  0%| F|  |TAMS 0x0000000748a00000, 0x0000000748a00000| Untracked 
| 111|0x0000000748b00000, 0x0000000748b00000, 0x0000000748c00000|  0%| F|  |TAMS 0x0000000748b00000, 0x0000000748b00000| Untracked 
| 112|0x0000000748c00000, 0x0000000748c00000, 0x0000000748d00000|  0%| F|  |TAMS 0x0000000748c00000, 0x0000000748c00000| Untracked 
| 113|0x0000000748d00000, 0x0000000748d00000, 0x0000000748e00000|  0%| F|  |TAMS 0x0000000748d00000, 0x0000000748d00000| Untracked 
| 114|0x0000000748e00000, 0x0000000748e00000, 0x0000000748f00000|  0%| F|  |TAMS 0x0000000748e00000, 0x0000000748e00000| Untracked 
| 115|0x0000000748f00000, 0x0000000748f00000, 0x0000000749000000|  0%| F|  |TAMS 0x0000000748f00000, 0x0000000748f00000| Untracked 
| 116|0x0000000749000000, 0x0000000749000000, 0x0000000749100000|  0%| F|  |TAMS 0x0000000749000000, 0x0000000749000000| Untracked 
| 117|0x0000000749100000, 0x0000000749100000, 0x0000000749200000|  0%| F|  |TAMS 0x0000000749100000, 0x0000000749100000| Untracked 
| 118|0x0000000749200000, 0x0000000749200000, 0x0000000749300000|  0%| F|  |TAMS 0x0000000749200000, 0x0000000749200000| Untracked 
| 119|0x0000000749300000, 0x0000000749300000, 0x0000000749400000|  0%| F|  |TAMS 0x0000000749300000, 0x0000000749300000| Untracked 
| 120|0x0000000749400000, 0x0000000749400000, 0x0000000749500000|  0%| F|  |TAMS 0x0000000749400000, 0x0000000749400000| Untracked 
| 121|0x0000000749500000, 0x0000000749500000, 0x0000000749600000|  0%| F|  |TAMS 0x0000000749500000, 0x0000000749500000| Untracked 
| 122|0x0000000749600000, 0x0000000749600000, 0x0000000749700000|  0%| F|  |TAMS 0x0000000749600000, 0x0000000749600000| Untracked 
| 123|0x0000000749700000, 0x0000000749700000, 0x0000000749800000|  0%| F|  |TAMS 0x0000000749700000, 0x0000000749700000| Untracked 
| 124|0x0000000749800000, 0x0000000749800000, 0x0000000749900000|  0%| F|  |TAMS 0x0000000749800000, 0x0000000749800000| Untracked 
| 125|0x0000000749900000, 0x0000000749900000, 0x0000000749a00000|  0%| F|  |TAMS 0x0000000749900000, 0x0000000749900000| Untracked 
| 126|0x0000000749a00000, 0x0000000749a00000, 0x0000000749b00000|  0%| F|  |TAMS 0x0000000749a00000, 0x0000000749a00000| Untracked 
| 127|0x0000000749b00000, 0x0000000749b00000, 0x0000000749c00000|  0%| F|  |TAMS 0x0000000749b00000, 0x0000000749b00000| Untracked 
| 128|0x0000000749c00000, 0x0000000749c00000, 0x0000000749d00000|  0%| F|  |TAMS 0x0000000749c00000, 0x0000000749c00000| Untracked 
| 129|0x0000000749d00000, 0x0000000749d00000, 0x0000000749e00000|  0%| F|  |TAMS 0x0000000749d00000, 0x0000000749d00000| Untracked 
| 130|0x0000000749e00000, 0x0000000749e00000, 0x0000000749f00000|  0%| F|  |TAMS 0x0000000749e00000, 0x0000000749e00000| Untracked 
| 131|0x0000000749f00000, 0x0000000749f00000, 0x000000074a000000|  0%| F|  |TAMS 0x0000000749f00000, 0x0000000749f00000| Untracked 
| 132|0x000000074a000000, 0x000000074a000000, 0x000000074a100000|  0%| F|  |TAMS 0x000000074a000000, 0x000000074a000000| Untracked 
| 133|0x000000074a100000, 0x000000074a100000, 0x000000074a200000|  0%| F|  |TAMS 0x000000074a100000, 0x000000074a100000| Untracked 
| 134|0x000000074a200000, 0x000000074a200000, 0x000000074a300000|  0%| F|  |TAMS 0x000000074a200000, 0x000000074a200000| Untracked 
| 135|0x000000074a300000, 0x000000074a300000, 0x000000074a400000|  0%| F|  |TAMS 0x000000074a300000, 0x000000074a300000| Untracked 
| 136|0x000000074a400000, 0x000000074a400000, 0x000000074a500000|  0%| F|  |TAMS 0x000000074a400000, 0x000000074a400000| Untracked 
| 137|0x000000074a500000, 0x000000074a500000, 0x000000074a600000|  0%| F|  |TAMS 0x000000074a500000, 0x000000074a500000| Untracked 
| 138|0x000000074a600000, 0x000000074a600000, 0x000000074a700000|  0%| F|  |TAMS 0x000000074a600000, 0x000000074a600000| Untracked 
| 139|0x000000074a700000, 0x000000074a700000, 0x000000074a800000|  0%| F|  |TAMS 0x000000074a700000, 0x000000074a700000| Untracked 
| 140|0x000000074a800000, 0x000000074a800000, 0x000000074a900000|  0%| F|  |TAMS 0x000000074a800000, 0x000000074a800000| Untracked 
| 141|0x000000074a900000, 0x000000074a900000, 0x000000074aa00000|  0%| F|  |TAMS 0x000000074a900000, 0x000000074a900000| Untracked 
| 142|0x000000074aa00000, 0x000000074aa00000, 0x000000074ab00000|  0%| F|  |TAMS 0x000000074aa00000, 0x000000074aa00000| Untracked 
| 143|0x000000074ab00000, 0x000000074ab00000, 0x000000074ac00000|  0%| F|  |TAMS 0x000000074ab00000, 0x000000074ab00000| Untracked 
| 144|0x000000074ac00000, 0x000000074ac00000, 0x000000074ad00000|  0%| F|  |TAMS 0x000000074ac00000, 0x000000074ac00000| Untracked 
| 145|0x000000074ad00000, 0x000000074ad00000, 0x000000074ae00000|  0%| F|  |TAMS 0x000000074ad00000, 0x000000074ad00000| Untracked 
| 146|0x000000074ae00000, 0x000000074ae00000, 0x000000074af00000|  0%| F|  |TAMS 0x000000074ae00000, 0x000000074ae00000| Untracked 
| 147|0x000000074af00000, 0x000000074af00000, 0x000000074b000000|  0%| F|  |TAMS 0x000000074af00000, 0x000000074af00000| Untracked 
| 148|0x000000074b000000, 0x000000074b000000, 0x000000074b100000|  0%| F|  |TAMS 0x000000074b000000, 0x000000074b000000| Untracked 
| 149|0x000000074b100000, 0x000000074b100000, 0x000000074b200000|  0%| F|  |TAMS 0x000000074b100000, 0x000000074b100000| Untracked 
| 150|0x000000074b200000, 0x000000074b200000, 0x000000074b300000|  0%| F|  |TAMS 0x000000074b200000, 0x000000074b200000| Untracked 
| 151|0x000000074b300000, 0x000000074b300000, 0x000000074b400000|  0%| F|  |TAMS 0x000000074b300000, 0x000000074b300000| Untracked 
| 152|0x000000074b400000, 0x000000074b400000, 0x000000074b500000|  0%| F|  |TAMS 0x000000074b400000, 0x000000074b400000| Untracked 
| 153|0x000000074b500000, 0x000000074b500000, 0x000000074b600000|  0%| F|  |TAMS 0x000000074b500000, 0x000000074b500000| Untracked 
| 154|0x000000074b600000, 0x000000074b600000, 0x000000074b700000|  0%| F|  |TAMS 0x000000074b600000, 0x000000074b600000| Untracked 
| 155|0x000000074b700000, 0x000000074b700000, 0x000000074b800000|  0%| F|  |TAMS 0x000000074b700000, 0x000000074b700000| Untracked 
| 156|0x000000074b800000, 0x000000074b800000, 0x000000074b900000|  0%| F|  |TAMS 0x000000074b800000, 0x000000074b800000| Untracked 
| 157|0x000000074b900000, 0x000000074b900000, 0x000000074ba00000|  0%| F|  |TAMS 0x000000074b900000, 0x000000074b900000| Untracked 
| 158|0x000000074ba00000, 0x000000074ba00000, 0x000000074bb00000|  0%| F|  |TAMS 0x000000074ba00000, 0x000000074ba00000| Untracked 
| 159|0x000000074bb00000, 0x000000074bb00000, 0x000000074bc00000|  0%| F|  |TAMS 0x000000074bb00000, 0x000000074bb00000| Untracked 
| 160|0x000000074bc00000, 0x000000074bc00000, 0x000000074bd00000|  0%| F|  |TAMS 0x000000074bc00000, 0x000000074bc00000| Untracked 
| 161|0x000000074bd00000, 0x000000074bd00000, 0x000000074be00000|  0%| F|  |TAMS 0x000000074bd00000, 0x000000074bd00000| Untracked 
| 162|0x000000074be00000, 0x000000074be00000, 0x000000074bf00000|  0%| F|  |TAMS 0x000000074be00000, 0x000000074be00000| Untracked 
| 163|0x000000074bf00000, 0x000000074bf00000, 0x000000074c000000|  0%| F|  |TAMS 0x000000074bf00000, 0x000000074bf00000| Untracked 
| 164|0x000000074c000000, 0x000000074c000000, 0x000000074c100000|  0%| F|  |TAMS 0x000000074c000000, 0x000000074c000000| Untracked 
| 165|0x000000074c100000, 0x000000074c100000, 0x000000074c200000|  0%| F|  |TAMS 0x000000074c100000, 0x000000074c100000| Untracked 
| 166|0x000000074c200000, 0x000000074c200000, 0x000000074c300000|  0%| F|  |TAMS 0x000000074c200000, 0x000000074c200000| Untracked 
| 167|0x000000074c300000, 0x000000074c300000, 0x000000074c400000|  0%| F|  |TAMS 0x000000074c300000, 0x000000074c300000| Untracked 
| 168|0x000000074c400000, 0x000000074c400000, 0x000000074c500000|  0%| F|  |TAMS 0x000000074c400000, 0x000000074c400000| Untracked 
| 169|0x000000074c500000, 0x000000074c500000, 0x000000074c600000|  0%| F|  |TAMS 0x000000074c500000, 0x000000074c500000| Untracked 
| 170|0x000000074c600000, 0x000000074c600000, 0x000000074c700000|  0%| F|  |TAMS 0x000000074c600000, 0x000000074c600000| Untracked 
| 171|0x000000074c700000, 0x000000074c700000, 0x000000074c800000|  0%| F|  |TAMS 0x000000074c700000, 0x000000074c700000| Untracked 
| 172|0x000000074c800000, 0x000000074c800000, 0x000000074c900000|  0%| F|  |TAMS 0x000000074c800000, 0x000000074c800000| Untracked 
| 173|0x000000074c900000, 0x000000074c900000, 0x000000074ca00000|  0%| F|  |TAMS 0x000000074c900000, 0x000000074c900000| Untracked 
| 174|0x000000074ca00000, 0x000000074ca00000, 0x000000074cb00000|  0%| F|  |TAMS 0x000000074ca00000, 0x000000074ca00000| Untracked 
| 175|0x000000074cb00000, 0x000000074cb00000, 0x000000074cc00000|  0%| F|  |TAMS 0x000000074cb00000, 0x000000074cb00000| Untracked 
| 176|0x000000074cc00000, 0x000000074cd00000, 0x000000074cd00000|100%| S|CS|TAMS 0x000000074cc00000, 0x000000074cc00000| Complete 
| 177|0x000000074cd00000, 0x000000074ce00000, 0x000000074ce00000|100%| S|CS|TAMS 0x000000074cd00000, 0x000000074cd00000| Complete 
| 178|0x000000074ce00000, 0x000000074ce00000, 0x000000074cf00000|  0%| F|  |TAMS 0x000000074ce00000, 0x000000074ce00000| Untracked 
| 179|0x000000074cf00000, 0x000000074cf00000, 0x000000074d000000|  0%| F|  |TAMS 0x000000074cf00000, 0x000000074cf00000| Untracked 
| 180|0x000000074d000000, 0x000000074d000000, 0x000000074d100000|  0%| F|  |TAMS 0x000000074d000000, 0x000000074d000000| Untracked 
| 181|0x000000074d100000, 0x000000074d100000, 0x000000074d200000|  0%| F|  |TAMS 0x000000074d100000, 0x000000074d100000| Untracked 
| 182|0x000000074d200000, 0x000000074d200000, 0x000000074d300000|  0%| F|  |TAMS 0x000000074d200000, 0x000000074d200000| Untracked 
| 183|0x000000074d300000, 0x000000074d300000, 0x000000074d400000|  0%| F|  |TAMS 0x000000074d300000, 0x000000074d300000| Untracked 
| 184|0x000000074d400000, 0x000000074d400000, 0x000000074d500000|  0%| F|  |TAMS 0x000000074d400000, 0x000000074d400000| Untracked 
| 185|0x000000074d500000, 0x000000074d500000, 0x000000074d600000|  0%| F|  |TAMS 0x000000074d500000, 0x000000074d500000| Untracked 
| 186|0x000000074d600000, 0x000000074d600000, 0x000000074d700000|  0%| F|  |TAMS 0x000000074d600000, 0x000000074d600000| Untracked 
| 187|0x000000074d700000, 0x000000074d700000, 0x000000074d800000|  0%| F|  |TAMS 0x000000074d700000, 0x000000074d700000| Untracked 
| 188|0x000000074d800000, 0x000000074d884010, 0x000000074d900000| 51%| E|  |TAMS 0x000000074d800000, 0x000000074d800000| Complete 
| 189|0x000000074d900000, 0x000000074da00000, 0x000000074da00000|100%| E|CS|TAMS 0x000000074d900000, 0x000000074d900000| Complete 
| 190|0x000000074da00000, 0x000000074db00000, 0x000000074db00000|100%| E|CS|TAMS 0x000000074da00000, 0x000000074da00000| Complete 
| 191|0x000000074db00000, 0x000000074dc00000, 0x000000074dc00000|100%| E|CS|TAMS 0x000000074db00000, 0x000000074db00000| Complete 

Card table byte_map: [0x000001a51d360000,0x000001a51d960000] _byte_map_base: 0x000001a519952000

Marking Bits (Prev, Next): (CMBitMap*) 0x000001a5058a5568, (CMBitMap*) 0x000001a5058a55a8
 Prev Bits: [0x000001a51df60000, 0x000001a520ef0000)
 Next Bits: [0x000001a520ef0000, 0x000001a523e80000)

Polling page: 0x000001a5037f0000

Metaspace:

Usage:
  Non-class:      7.41 MB capacity,     6.19 MB ( 84%) used,     1.20 MB ( 16%) free+waste,    13.13 KB ( <1%) overhead. 
      Class:    619.00 KB capacity,   449.95 KB ( 73%) used,   162.43 KB ( 26%) free+waste,     6.63 KB (  1%) overhead. 
       Both:      8.01 MB capacity,     6.63 MB ( 83%) used,     1.36 MB ( 17%) free+waste,    19.75 KB ( <1%) overhead. 

Virtual space:
  Non-class space:        8.00 MB reserved,       7.50 MB ( 94%) committed 
      Class space:        1.00 GB reserved,     640.00 KB ( <1%) committed 
             Both:        1.01 GB reserved,       8.13 MB ( <1%) committed 

Chunk freelists:
   Non-Class:  29.00 KB
       Class:  1.00 KB
        Both:  30.00 KB

MaxMetaspaceSize: 17179869184.00 GB
CompressedClassSpaceSize: 1.00 GB

CodeHeap 'non-profiled nmethods': size=120000Kb used=337Kb max_used=337Kb free=119662Kb
 bounds [0x000001a515830000, 0x000001a515aa0000, 0x000001a51cd60000]
CodeHeap 'profiled nmethods': size=120000Kb used=1527Kb max_used=1527Kb free=118472Kb
 bounds [0x000001a50e300000, 0x000001a50e570000, 0x000001a515830000]
CodeHeap 'non-nmethods': size=5760Kb used=1597Kb max_used=1616Kb free=4162Kb
 bounds [0x000001a50dd60000, 0x000001a50dfd0000, 0x000001a50e300000]
 total_blobs=2375 nmethods=903 adapters=887
 compilation: enabled
              stopped_count=0, restarted_count=0
 full_count=0

Compilation events (20 events):
Event: 1.086 Thread 0x000001a526e2a800  895       3       java.io.DataInputStream::readShort (40 bytes)
Event: 1.087 Thread 0x000001a526e2a800 nmethod 895 0x000001a50e47b990 code [0x000001a50e47bb60, 0x000001a50e47bf70]
Event: 1.087 Thread 0x000001a526e2a800  893       3       java.io.DataInputStream::readUnsignedShort (39 bytes)
Event: 1.087 Thread 0x000001a526e2a800 nmethod 893 0x000001a50e47c110 code [0x000001a50e47c2e0, 0x000001a50e47c6f0]
Event: 1.087 Thread 0x000001a526e2a800  898       3       java.util.zip.CRC32::updateBytes (14 bytes)
Event: 1.087 Thread 0x000001a526e2a800 nmethod 898 0x000001a50e47c890 code [0x000001a50e47ca40, 0x000001a50e47cc10]
Event: 1.087 Thread 0x000001a526e2a800  899       3       java.util.zip.CRC32::updateBytesCheck (55 bytes)
Event: 1.088 Thread 0x000001a526e2a800 nmethod 899 0x000001a50e47cd10 code [0x000001a50e47cf00, 0x000001a50e47d3f0]
Event: 1.088 Thread 0x000001a526e2a800  897       3       java.util.zip.CRC32::update (51 bytes)
Event: 1.088 Thread 0x000001a526e2a800 nmethod 897 0x000001a50e47d610 code [0x000001a50e47d800, 0x000001a50e47dcb0]
Event: 1.088 Thread 0x000001a528605000  900       4       java.util.HashSet::add (20 bytes)
Event: 1.096 Thread 0x000001a526dd7000  901       4       java.util.HashMap::putVal (300 bytes)
Event: 1.128 Thread 0x000001a528605000 nmethod 900 0x000001a51587f210 code [0x000001a51587f460, 0x000001a5158808f0]
Event: 1.129 Thread 0x000001a528605000  902       4       java.lang.String::charAt (25 bytes)
Event: 1.130 Thread 0x000001a528605000 nmethod 902 0x000001a515881110 code [0x000001a5158812a0, 0x000001a515881388]
Event: 1.130 Thread 0x000001a528605000  903       4       java.lang.StringBuilder::append (8 bytes)
Event: 1.135 Thread 0x000001a526dd7000 nmethod 901 0x000001a515881490 code [0x000001a5158816c0, 0x000001a515882d50]
Event: 1.135 Thread 0x000001a526dd7000  904       4       java.lang.AbstractStringBuilder::append (77 bytes)
Event: 1.136 Thread 0x000001a528605000 nmethod 903 0x000001a515883410 code [0x000001a5158835a0, 0x000001a515883a78]
Event: 1.140 Thread 0x000001a526dd7000 nmethod 904 0x000001a515883d10 code [0x000001a515883ea0, 0x000001a515884378]

GC Heap History (2 events):
Event: 0.931 GC heap before
{Heap before GC invocations=0 (full 0):
 garbage-first heap   total 196608K, used 16384K [0x0000000741c00000, 0x0000000800000000)
  region size 1024K, 14 young (14336K), 0 survivors (0K)
 Metaspace       used 5259K, capacity 8109K, committed 8320K, reserved 1056768K
  class space    used 294K, capacity 581K, committed 640K, reserved 1048576K
}
Event: 0.937 GC heap after
{Heap after GC invocations=1 (full 0):
 garbage-first heap   total 196608K, used 4388K [0x0000000741c00000, 0x0000000800000000)
  region size 1024K, 2 young (2048K), 2 survivors (2048K)
 Metaspace       used 5259K, capacity 8109K, committed 8320K, reserved 1056768K
  class space    used 294K, capacity 581K, committed 640K, reserved 1048576K
}

Deoptimization events (20 events):
Event: 0.986 Thread 0x000001a50584c000 DEOPT PACKING pc=0x000001a515854b08 sp=0x0000003fd2afc2c0
Event: 0.986 Thread 0x000001a50584c000 DEOPT UNPACKING pc=0x000001a50dda912f sp=0x0000003fd2afc250 mode 2
Event: 0.986 Thread 0x000001a50584c000 Uncommon trap: trap_request=0xffffff45 fr.pc=0x000001a515856904 relative=0x00000000000000e4
Event: 0.986 Thread 0x000001a50584c000 Uncommon trap: reason=unstable_if action=reinterpret pc=0x000001a515856904 method=java.lang.String.getBytes([BIB)V @ 5 c2
Event: 0.986 Thread 0x000001a50584c000 DEOPT PACKING pc=0x000001a515856904 sp=0x0000003fd2afc2d0
Event: 0.986 Thread 0x000001a50584c000 DEOPT UNPACKING pc=0x000001a50dda912f sp=0x0000003fd2afc298 mode 2
Event: 1.059 Thread 0x000001a50584c000 DEOPT PACKING pc=0x000001a50e469710 sp=0x0000003fd2afe180
Event: 1.059 Thread 0x000001a50584c000 DEOPT UNPACKING pc=0x000001a50dda964e sp=0x0000003fd2afd658 mode 0
Event: 1.059 Thread 0x000001a50584c000 DEOPT PACKING pc=0x000001a50e469710 sp=0x0000003fd2afe180
Event: 1.059 Thread 0x000001a50584c000 DEOPT UNPACKING pc=0x000001a50dda964e sp=0x0000003fd2afd658 mode 0
Event: 1.060 Thread 0x000001a50584c000 DEOPT PACKING pc=0x000001a50e469710 sp=0x0000003fd2afe180
Event: 1.060 Thread 0x000001a50584c000 DEOPT UNPACKING pc=0x000001a50dda964e sp=0x0000003fd2afd658 mode 0
Event: 1.061 Thread 0x000001a50584c000 DEOPT PACKING pc=0x000001a50e469710 sp=0x0000003fd2afe180
Event: 1.061 Thread 0x000001a50584c000 DEOPT UNPACKING pc=0x000001a50dda964e sp=0x0000003fd2afd658 mode 0
Event: 1.061 Thread 0x000001a50584c000 DEOPT PACKING pc=0x000001a50e469710 sp=0x0000003fd2afe180
Event: 1.061 Thread 0x000001a50584c000 DEOPT UNPACKING pc=0x000001a50dda964e sp=0x0000003fd2afd658 mode 0
Event: 1.077 Thread 0x000001a526dd6000 Uncommon trap: trap_request=0xffffff45 fr.pc=0x000001a51583fca4 relative=0x0000000000000084
Event: 1.077 Thread 0x000001a526dd6000 Uncommon trap: reason=unstable_if action=reinterpret pc=0x000001a51583fca4 method=java.lang.String.isLatin1()Z @ 10 c2
Event: 1.077 Thread 0x000001a526dd6000 DEOPT PACKING pc=0x000001a51583fca4 sp=0x0000003fd34fdfb0
Event: 1.077 Thread 0x000001a526dd6000 DEOPT UNPACKING pc=0x000001a50dda912f sp=0x0000003fd34fdef0 mode 2

Classes unloaded (0 events):
No events

Classes redefined (0 events):
No events

Internal exceptions (14 events):
Event: 0.272 Thread 0x000001a50584c000 Exception <a 'java/lang/NoSuchMethodError'{0x000000074d8bfc20}: 'void java.lang.invoke.DelegatingMethodHandle$Holder.delegate(java.lang.Object, java.lang.Object, int, java.lang.Object)'> (0x000000074d8bfc20) 
thrown [t:/workspace/open/src/hotspot/share/interpreter/linkResolver.cpp, line 767]
Event: 0.274 Thread 0x000001a50584c000 Exception <a 'java/lang/NoSuchMethodError'{0x000000074d8c64f0}: 'java.lang.Object java.lang.invoke.DirectMethodHandle$Holder.invokeStaticInit(java.lang.Object, java.lang.Object, java.lang.Object)'> (0x000000074d8c64f0) 
thrown [t:/workspace/open/src/hotspot/share/interpreter/linkResolver.cpp, line 767]
Event: 0.320 Thread 0x000001a50584c000 Exception <a 'sun/nio/fs/WindowsException'{0x000000074d74f408}> (0x000000074d74f408) 
thrown [t:/workspace/open/src/hotspot/share/prims/jni.cpp, line 598]
Event: 0.321 Thread 0x000001a50584c000 Exception <a 'sun/nio/fs/WindowsException'{0x000000074d74f958}> (0x000000074d74f958) 
thrown [t:/workspace/open/src/hotspot/share/prims/jni.cpp, line 598]
Event: 0.349 Thread 0x000001a50584c000 Exception <a 'sun/nio/fs/WindowsException'{0x000000074d7c1150}> (0x000000074d7c1150) 
thrown [t:/workspace/open/src/hotspot/share/prims/jni.cpp, line 598]
Event: 0.349 Thread 0x000001a50584c000 Exception <a 'sun/nio/fs/WindowsException'{0x000000074d7c14b0}> (0x000000074d7c14b0) 
thrown [t:/workspace/open/src/hotspot/share/prims/jni.cpp, line 598]
Event: 0.584 Thread 0x000001a50584c000 Exception <a 'sun/nio/fs/WindowsException'{0x000000074d6d8638}> (0x000000074d6d8638) 
thrown [t:/workspace/open/src/hotspot/share/prims/jni.cpp, line 598]
Event: 0.584 Thread 0x000001a50584c000 Exception <a 'sun/nio/fs/WindowsException'{0x000000074d6d89d8}> (0x000000074d6d89d8) 
thrown [t:/workspace/open/src/hotspot/share/prims/jni.cpp, line 598]
Event: 0.589 Thread 0x000001a50584c000 Exception <a 'sun/nio/fs/WindowsException'{0x000000074d6ebca8}> (0x000000074d6ebca8) 
thrown [t:/workspace/open/src/hotspot/share/prims/jni.cpp, line 598]
Event: 0.589 Thread 0x000001a50584c000 Exception <a 'sun/nio/fs/WindowsException'{0x000000074d6ebf78}> (0x000000074d6ebf78) 
thrown [t:/workspace/open/src/hotspot/share/prims/jni.cpp, line 598]
Event: 0.884 Thread 0x000001a50584c000 Exception <a 'java/lang/NoSuchMethodError'{0x000000074cff15e8}: 'void java.lang.invoke.DirectMethodHandle$Holder.invokeStatic(java.lang.Object, long, int, int)'> (0x000000074cff15e8) 
thrown [t:/workspace/open/src/hotspot/share/interpreter/linkResolver.cpp, line 767]
Event: 0.962 Thread 0x000001a50584c000 Exception <a 'java/lang/ClassNotFoundException'{0x000000074db8e218}: sun/awt/resources/spi/awtProvider> (0x000000074db8e218) 
thrown [t:/workspace/open/src/hotspot/share/classfile/systemDictionary.cpp, line 232]
Event: 0.986 Thread 0x000001a50584c000 Exception <a 'java/io/FileNotFoundException'{0x000000074da141a8}> (0x000000074da141a8) 
thrown [t:/workspace/open/src/hotspot/share/prims/jni.cpp, line 598]
Event: 0.996 Thread 0x000001a50584c000 Exception <a 'java/io/FileNotFoundException'{0x000000074da3a960}> (0x000000074da3a960) 
thrown [t:/workspace/open/src/hotspot/share/prims/jni.cpp, line 598]

Events (20 events):
Event: 1.090 Executing VM operation: RevokeBias
Event: 1.090 Executing VM operation: RevokeBias done
Event: 1.090 Executing VM operation: RevokeBias
Event: 1.090 Executing VM operation: RevokeBias done
Event: 1.090 Executing VM operation: RevokeBias
Event: 1.090 Executing VM operation: RevokeBias done
Event: 1.090 Executing VM operation: RevokeBias
Event: 1.090 Executing VM operation: RevokeBias done
Event: 1.090 Executing VM operation: RevokeBias
Event: 1.090 Executing VM operation: RevokeBias done
Event: 1.091 loading class sun/util/resources/cldr/TimeZoneNames
Event: 1.091 loading class sun/util/resources/TimeZoneNamesBundle
Event: 1.091 loading class sun/util/resources/OpenListResourceBundle
Event: 1.091 loading class sun/util/resources/OpenListResourceBundle done
Event: 1.091 loading class sun/util/resources/TimeZoneNamesBundle done
Event: 1.091 loading class sun/util/resources/cldr/TimeZoneNames done
Event: 1.092 loading class sun/util/resources/cldr/TimeZoneNames_en
Event: 1.093 loading class sun/util/resources/cldr/TimeZoneNames_en done
Event: 1.093 loading class sun/util/resources/cldr/TimeZoneNames_en_US
Event: 1.093 loading class sun/util/resources/cldr/TimeZoneNames_en_US done


Dynamic libraries:
0x00007ff6249f0000 - 0x00007ff6249ff000 	C:\Program Files\Java\jdk-13.0.2\bin\java.exe
0x00007ffd4ecb0000 - 0x00007ffd4eea6000 	C:\WINDOWS\SYSTEM32\ntdll.dll
0x00007ffd4eb50000 - 0x00007ffd4ec0d000 	C:\WINDOWS\System32\KERNEL32.DLL
0x00007ffd4c3f0000 - 0x00007ffd4c6b8000 	C:\WINDOWS\System32\KERNELBASE.dll
0x00007ffd4cc10000 - 0x00007ffd4cd10000 	C:\WINDOWS\System32\ucrtbase.dll
0x00007ffd3ce60000 - 0x00007ffd3ce78000 	C:\Program Files\Java\jdk-13.0.2\bin\jli.dll
0x00007ffd4e0f0000 - 0x00007ffd4e19c000 	C:\WINDOWS\System32\ADVAPI32.dll
0x00007ffd4eab0000 - 0x00007ffd4eb4e000 	C:\WINDOWS\System32\msvcrt.dll
0x00007ffd4cd10000 - 0x00007ffd4cdab000 	C:\WINDOWS\System32\sechost.dll
0x00007ffd4e350000 - 0x00007ffd4e474000 	C:\WINDOWS\System32\RPCRT4.dll
0x00007ffd4e5b0000 - 0x00007ffd4e750000 	C:\WINDOWS\System32\USER32.dll
0x00007ffd4cad0000 - 0x00007ffd4caf2000 	C:\WINDOWS\System32\win32u.dll
0x00007ffd4e2b0000 - 0x00007ffd4e2da000 	C:\WINDOWS\System32\GDI32.dll
0x00007ffd4cb00000 - 0x00007ffd4cc09000 	C:\WINDOWS\System32\gdi32full.dll
0x00007ffd4ca30000 - 0x00007ffd4cacd000 	C:\WINDOWS\System32\msvcp_win.dll
0x00007ffd3ce80000 - 0x00007ffd3ce95000 	C:\Program Files\Java\jdk-13.0.2\bin\VCRUNTIME140.dll
0x00007ffd35ec0000 - 0x00007ffd3615b000 	C:\WINDOWS\WinSxS\amd64_microsoft.windows.common-controls_6595b64144ccf1df_6.0.19041.488_none_ca04af081b815d21\COMCTL32.dll
0x00007ffd465a0000 - 0x00007ffd465aa000 	C:\WINDOWS\SYSTEM32\VERSION.dll
0x00007ffd4e1a0000 - 0x00007ffd4e1d0000 	C:\WINDOWS\System32\IMM32.DLL
0x00007ffd1dbb0000 - 0x00007ffd1dc4b000 	C:\Program Files\Java\jdk-13.0.2\bin\msvcp140.dll
0x00007ffcf0190000 - 0x00007ffcf0ced000 	C:\Program Files\Java\jdk-13.0.2\bin\server\jvm.dll
0x00007ffd4cfc0000 - 0x00007ffd4cfc8000 	C:\WINDOWS\System32\PSAPI.DLL
0x00007ffd348c0000 - 0x00007ffd348c9000 	C:\WINDOWS\SYSTEM32\WSOCK32.dll
0x00007ffd4e2e0000 - 0x00007ffd4e34b000 	C:\WINDOWS\System32\WS2_32.dll
0x00007ffd3d480000 - 0x00007ffd3d4a7000 	C:\WINDOWS\SYSTEM32\WINMM.dll
0x00007ffd4b010000 - 0x00007ffd4b022000 	C:\WINDOWS\SYSTEM32\kernel.appcore.dll
0x00007ffd46b00000 - 0x00007ffd46b10000 	C:\Program Files\Java\jdk-13.0.2\bin\verify.dll
0x00007ffd4a9a0000 - 0x00007ffd4ab84000 	C:\WINDOWS\SYSTEM32\DBGHELP.DLL
0x00007ffd329c0000 - 0x00007ffd329ec000 	C:\WINDOWS\SYSTEM32\dbgcore.DLL
0x00007ffd4c7c0000 - 0x00007ffd4c83f000 	C:\WINDOWS\System32\bcryptPrimitives.dll
0x00007ffd1df90000 - 0x00007ffd1dfb6000 	C:\Program Files\Java\jdk-13.0.2\bin\java.dll
0x00007ffd46c20000 - 0x00007ffd46c2e000 	C:\Program Files\Java\jdk-13.0.2\bin\instrument.dll
0x00007ffd3af00000 - 0x00007ffd3af17000 	C:\Program Files\Java\jdk-13.0.2\bin\zip.dll
0x00007ffd3ce50000 - 0x00007ffd3ce5a000 	C:\Program Files\Java\jdk-13.0.2\bin\jimage.dll
0x00007ffd4d830000 - 0x00007ffd4df71000 	C:\WINDOWS\System32\SHELL32.dll
0x00007ffd4a1f0000 - 0x00007ffd4a985000 	C:\WINDOWS\SYSTEM32\windows.storage.dll
0x00007ffd4e750000 - 0x00007ffd4eaa5000 	C:\WINDOWS\System32\combase.dll
0x00007ffd4be60000 - 0x00007ffd4be8c000 	C:\WINDOWS\SYSTEM32\Wldp.dll
0x00007ffd4d6d0000 - 0x00007ffd4d77e000 	C:\WINDOWS\System32\SHCORE.dll
0x00007ffd4dfc0000 - 0x00007ffd4e015000 	C:\WINDOWS\System32\shlwapi.dll
0x00007ffd4c320000 - 0x00007ffd4c346000 	C:\WINDOWS\SYSTEM32\profapi.dll
0x00007ffd27af0000 - 0x00007ffd27b09000 	C:\Program Files\Java\jdk-13.0.2\bin\net.dll
0x00007ffd3aa90000 - 0x00007ffd3ab90000 	C:\WINDOWS\SYSTEM32\WINHTTP.dll
0x00007ffd4bb70000 - 0x00007ffd4bbda000 	C:\WINDOWS\system32\mswsock.dll
0x00007ffd1db90000 - 0x00007ffd1dba3000 	C:\Program Files\Java\jdk-13.0.2\bin\nio.dll
0x00007ffd29d10000 - 0x00007ffd29d2a000 	C:\Program Files\JetBrains\IntelliJ IDEA Community Edition 2020.2.1\bin\breakgen64.dll
0x00007ffd16840000 - 0x00007ffd168a4000 	C:\Users\Asus\AppData\Local\Temp\lwjglAsus\3.2.3-build-13\lwjgl.dll
0x00007ffd167d0000 - 0x00007ffd16832000 	C:\Users\Asus\AppData\Local\Temp\lwjglAsus\3.2.3-build-13\glfw.dll
0x00007ffd49a70000 - 0x00007ffd49b0e000 	C:\WINDOWS\system32\uxtheme.dll
0x00007ffd1cf50000 - 0x00007ffd1cf95000 	C:\WINDOWS\SYSTEM32\dinput8.dll
0x00007ffd1d120000 - 0x00007ffd1d131000 	C:\WINDOWS\SYSTEM32\xinput1_4.dll
0x00007ffd4c6c0000 - 0x00007ffd4c70e000 	C:\WINDOWS\System32\cfgmgr32.dll
0x00007ffd4c1a0000 - 0x00007ffd4c1cc000 	C:\WINDOWS\SYSTEM32\DEVOBJ.dll
0x00007ffd49c60000 - 0x00007ffd49c8f000 	C:\WINDOWS\SYSTEM32\dwmapi.dll
0x00007ffd2d6c0000 - 0x00007ffd2d812000 	C:\WINDOWS\SYSTEM32\inputhost.dll
0x00007ffd4e020000 - 0x00007ffd4e0ed000 	C:\WINDOWS\System32\OLEAUT32.dll
0x00007ffd49690000 - 0x00007ffd49782000 	C:\WINDOWS\SYSTEM32\CoreMessaging.dll
0x00007ffd47720000 - 0x00007ffd47817000 	C:\WINDOWS\SYSTEM32\PROPSYS.dll
0x00007ffd486a0000 - 0x00007ffd487f6000 	C:\WINDOWS\SYSTEM32\wintypes.dll
0x00007ffd49330000 - 0x00007ffd4968e000 	C:\WINDOWS\SYSTEM32\CoreUIComponents.dll
0x00007ffd4b130000 - 0x00007ffd4b163000 	C:\WINDOWS\SYSTEM32\ntmarta.dll
0x00007ffd4cfd0000 - 0x00007ffd4d0e5000 	C:\WINDOWS\System32\MSCTF.dll
0x00007ffd4a990000 - 0x00007ffd4a99d000 	C:\WINDOWS\SYSTEM32\HID.DLL
0x00007ffd4d180000 - 0x00007ffd4d5e7000 	C:\WINDOWS\System32\SETUPAPI.DLL
0x00007ffd4ca00000 - 0x00007ffd4ca27000 	C:\WINDOWS\System32\bcrypt.dll
0x00007ffd4c840000 - 0x00007ffd4c8a0000 	C:\WINDOWS\System32\WINTRUST.dll
0x00007ffd4c8a0000 - 0x00007ffd4c9fd000 	C:\WINDOWS\System32\CRYPT32.dll
0x00007ffd4bfe0000 - 0x00007ffd4bff2000 	C:\WINDOWS\SYSTEM32\MSASN1.dll
0x00007ffd25050000 - 0x00007ffd25175000 	C:\WINDOWS\SYSTEM32\opengl32.dll
0x00007ffd29e70000 - 0x00007ffd29e9c000 	C:\WINDOWS\SYSTEM32\GLU32.dll
0x00007ffd4d780000 - 0x00007ffd4d829000 	C:\WINDOWS\System32\clbcatq.dll
0x00007ffcef240000 - 0x00007ffcf018a000 	C:\WINDOWS\System32\DriverStore\FileRepository\igdlh64.inf_amd64_baab50003164cdd5\ig9icd64.dll
0x00007ffd4e480000 - 0x00007ffd4e5aa000 	C:\WINDOWS\System32\ole32.dll
0x00007ffd4abe0000 - 0x00007ffd4acd3000 	C:\WINDOWS\system32\dxgi.dll
0x00007ffd40000000 - 0x00007ffd401a7000 	C:\WINDOWS\System32\DriverStore\FileRepository\igdlh64.inf_amd64_baab50003164cdd5\igdgmm64.dll
0x00007ffd3d560000 - 0x00007ffd3fe4a000 	C:\WINDOWS\System32\DriverStore\FileRepository\igdlh64.inf_amd64_baab50003164cdd5\igc64.dll
0x00007ffd4bdc0000 - 0x00007ffd4be0b000 	C:\WINDOWS\SYSTEM32\powrprof.dll
0x00007ffd4bda0000 - 0x00007ffd4bdb2000 	C:\WINDOWS\SYSTEM32\UMPDC.dll
0x00007ffd070a0000 - 0x00007ffd07491000 	C:\WINDOWS\System32\DriverStore\FileRepository\igdlh64.inf_amd64_baab50003164cdd5\igdml64.dll
0x00007ffd2f6c0000 - 0x00007ffd2f7bc000 	C:\WINDOWS\SYSTEM32\textinputframework.dll
0x00007ffd16450000 - 0x00007ffd164a9000 	C:\Users\Asus\AppData\Local\Temp\lwjglAsus\3.2.3-build-13\lwjgl_opengl.dll
0x00007ffd07990000 - 0x00007ffd07b29000 	C:\Program Files\Java\jdk-13.0.2\bin\awt.dll
0x00007ffd498c0000 - 0x00007ffd49950000 	C:\WINDOWS\SYSTEM32\apphelp.dll
0x00007ffd16420000 - 0x00007ffd1644d000 	C:\Program Files\Java\jdk-13.0.2\bin\javajpeg.dll

dbghelp: loaded successfully - version: 4.0.5 - missing functions: none
symbol engine: initialized successfully - sym options: 0x614 - pdb path: .;C:\Program Files\Java\jdk-13.0.2\bin;C:\WINDOWS\SYSTEM32;C:\WINDOWS\WinSxS\amd64_microsoft.windows.common-controls_6595b64144ccf1df_6.0.19041.488_none_ca04af081b815d21;C:\Program Files\Java\jdk-13.0.2\bin\server;C:\Program Files\JetBrains\IntelliJ IDEA Community Edition 2020.2.1\bin;C:\Users\Asus\AppData\Local\Temp\lwjglAsus\3.2.3-build-13;C:\WINDOWS\System32\DriverStore\FileRepository\igdlh64.inf_amd64_baab50003164cdd5

VM Arguments:
jvm_args: -javaagent:C:\Program Files\JetBrains\IntelliJ IDEA Community Edition 2020.2.1\lib\idea_rt.jar=50723:C:\Program Files\JetBrains\IntelliJ IDEA Community Edition 2020.2.1\bin -Dfile.encoding=UTF-8 
java_command: Triangle
java_class_path (initial): D:\java\graphics\final\target\classes;D:\java\opengl\64\lwjgl-glfw-natives-windows.jar;D:\java\opengl\64\lwjgl-glfw.jar;D:\java\opengl\64\lwjgl-natives-windows.jar;D:\java\opengl\64\lwjgl-opengl-natives-windows.jar;D:\java\opengl\64\lwjgl-opengl.jar;D:\java\opengl\64\lwjgl.jar;C:\Users\Asus\.m2\repository\org\joml\joml\1.10.1\joml-1.10.1.jar;C:\Users\Asus\.m2\repository\org\apache\tomcat\tomcat-util\10.0.5\tomcat-util-10.0.5.jar;C:\Users\Asus\.m2\repository\org\apache\tomcat\tomcat-juli\10.0.5\tomcat-juli-10.0.5.jar;C:\Users\Asus\.m2\repository\org\python\jython\2.7.2\jython-2.7.2.jar;C:\Users\Asus\.m2\repository\org\apache\commons\commons-lang3\3.12.0\commons-lang3-3.12.0.jar
Launcher Type: SUN_STANDARD

[Global flags]
     intx CICompilerCount                          = 3                                         {product} {ergonomic}
     uint ConcGCThreads                            = 1                                         {product} {ergonomic}
     uint G1ConcRefinementThreads                  = 4                                         {product} {ergonomic}
   size_t G1HeapRegionSize                         = 1048576                                   {product} {ergonomic}
    uintx GCDrainStackTargetSize                   = 64                                        {product} {ergonomic}
   size_t InitialHeapSize                          = 201326592                                 {product} {ergonomic}
   size_t MarkStackSize                            = 4194304                                   {product} {ergonomic}
   size_t MaxHeapSize                              = 3191865344                                {product} {ergonomic}
   size_t MaxNewSize                               = 1914699776                                {product} {ergonomic}
   size_t MinHeapDeltaBytes                        = 1048576                                   {product} {ergonomic}
   size_t MinHeapSize                              = 8388608                                   {product} {ergonomic}
    uintx NonNMethodCodeHeapSize                   = 5832780                                {pd product} {ergonomic}
    uintx NonProfiledCodeHeapSize                  = 122912730                              {pd product} {ergonomic}
    uintx ProfiledCodeHeapSize                     = 122912730                              {pd product} {ergonomic}
    uintx ReservedCodeCacheSize                    = 251658240                              {pd product} {ergonomic}
     bool SegmentedCodeCache                       = true                                      {product} {ergonomic}
   size_t SoftMaxHeapSize                          = 3191865344                             {manageable} {ergonomic}
     bool UseCompressedClassPointers               = true                                 {lp64_product} {ergonomic}
     bool UseCompressedOops                        = true                                 {lp64_product} {ergonomic}
     bool UseG1GC                                  = true                                      {product} {ergonomic}
     bool UseLargePagesIndividualAllocation        = false                                  {pd product} {ergonomic}

Logging:
Log output configuration:
 #0: stdout all=warning uptime,level,tags
 #1: stderr all=off uptime,level,tags

Environment Variables:
JAVA_HOME=C:\Program Files\Java\jdk-13.0.2
PATH=C:\Program Files (x86)\Common Files\Oracle\Java\javapath;C:\Program Files\Common Files\Oracle\Java\javapath;C:\Program Files\Haskell\bin;D:\haskell\8.6.5\lib\extralibs\bin;D:\haskell\8.6.5\bin;D:\python\Scripts\;D:\python\;C:\Program Files\NVIDIA GPU Computing Toolkit\CUDA\v9.0\bin;C:\Program Files\NVIDIA GPU Computing Toolkit\CUDA\v9.0\libnvvp;C:\Windows\system32;C:\Windows;C:\Windows\System32\Wbem;C:\Windows\System32\WindowsPowerShell\v1.0\;C:\Windows\System32\OpenSSH\;C:\Program Files (x86)\NVIDIA Corporation\PhysX\Common;C:\Program Files (x86)\QuickTime\QTSystem\;C:\Program Files\NVIDIA Corporation\NVIDIA NvDLISR;C:\WINDOWS\system32;C:\WINDOWS;C:\WINDOWS\System32\Wbem;C:\WINDOWS\System32\WindowsPowerShell\v1.0\;C:\WINDOWS\System32\OpenSSH\;C:\Program Files\Microsoft SQL Server\130\Tools\Binn\;C:\Program Files\Microsoft SQL Server\Client SDK\ODBC\170\Tools\Binn\;D:\haskell\8.6.5\mingw\bin;C:\Program Files\Git\cmd;C:\Program Files\dotnet\;C:\Users\Asus\AppData\Roaming\cabal\bin;D:\haskell\bin;D:\python3.8\Scripts\;D:\python3.8\;C:\Users\Asus\AppData\Local\Microsoft\WindowsApps;D:\PyCharm 2019.3.3\bin;;D:\PyCharm Community Edition 2019.3.4\bin;;C:\Program Files\JetBrains\IntelliJ IDEA Community Edition 2020.2.1\bin;;;C:\Program Files\JetBrains\DataGrip 2020.3.2\bin;;C:\Program Files\JetBrains\JetBrains Rider 2020.2.4\bin;;C:\Users\Asus\.dotnet\tools
USERNAME=Asus
OS=Windows_NT
PROCESSOR_IDENTIFIER=Intel64 Family 6 Model 142 Stepping 9, GenuineIntel



---------------  S Y S T E M  ---------------

OS: Windows 10 , 64 bit Build 19041 (10.0.19041.546)

CPU:total 4 (initial active 4) (2 cores per cpu, 2 threads per core) family 6 model 142 stepping 9, cmov, cx8, fxsr, mmx, sse, sse2, sse3, ssse3, sse4.1, sse4.2, popcnt, avx, avx2, aes, clmul, erms, 3dnowpref, lzcnt, ht, tsc, tscinvbit, bmi1, bmi2, adx, fma

Memory: 4k page, system-wide physical 12174M (3632M free)
TotalPageFile size 20878M (AvailPageFile size 8469M)
current process WorkingSet (physical memory assigned to process): 106M, peak: 107M
current process commit charge ("private bytes"): 311M, peak: 312M

vm_info: Java HotSpot(TM) 64-Bit Server VM (13.0.2+8) for windows-amd64 JRE (13.0.2+8), built on Dec 11 2019 09:20:33 by "mach5one" with unknown MS VC++:1916

END.
